This is pdfTeX, Version 3.141592653-2.6-1.40.24 (TeX Live 2022) (preloaded format=pdflatex 2022.7.28)  30 DEC 2022 17:57
entering extended mode
 restricted \write18 enabled.
 file:line:error style messages enabled.
 %&-line parsing enabled.
**algorithms.tex
(./algorithms.tex
LaTeX2e <2021-11-15> patch level 1
L3 programming layer <2022-02-24>
./algorithms.tex:1: Undefined control sequence.
l.1 \section
            {Algorithms}
The control sequence at the end of the top line
of your error message was never \def'ed. If you have
misspelled it (e.g., `\hobx'), type `I' and the correct
spelling (e.g., `I\hbox'). Otherwise just continue,
and I'll forget about whatever was undefined.


./algorithms.tex:1: LaTeX Error: Missing \begin{document}.

See the LaTeX manual or LaTeX Companion for explanation.
Type  H <return>  for immediate help.
 ...                                              
                                                  
l.1 \section{A
              lgorithms}
You're in trouble here.  Try typing  <return>  to proceed.
If that doesn't work, type  X <return>  to quit.

Missing character: There is no A in font nullfont!
Missing character: There is no l in font nullfont!
Missing character: There is no g in font nullfont!
Missing character: There is no o in font nullfont!
Missing character: There is no r in font nullfont!
Missing character: There is no i in font nullfont!
Missing character: There is no t in font nullfont!
Missing character: There is no h in font nullfont!
Missing character: There is no m in font nullfont!
Missing character: There is no s in font nullfont!

Overfull \hbox (20.0pt too wide) in paragraph at lines 1--2
[] 
 []


./algorithms.tex:3: LaTeX Error: Missing \begin{document}.

See the LaTeX manual or LaTeX Companion for explanation.
Type  H <return>  for immediate help.
 ...                                              
                                                  
l.3 W
     e will give pseudo-code for algorithms. We assume we have a context $\G...

You're in trouble here.  Try typing  <return>  to proceed.
If that doesn't work, type  X <return>  to quit.

Missing character: There is no W in font nullfont!
Missing character: There is no e in font nullfont!
Missing character: There is no w in font nullfont!
Missing character: There is no i in font nullfont!
Missing character: There is no l in font nullfont!
Missing character: There is no l in font nullfont!
Missing character: There is no g in font nullfont!
Missing character: There is no i in font nullfont!
Missing character: There is no v in font nullfont!
Missing character: There is no e in font nullfont!
Missing character: There is no p in font nullfont!
Missing character: There is no s in font nullfont!
Missing character: There is no e in font nullfont!
Missing character: There is no u in font nullfont!
Missing character: There is no d in font nullfont!
Missing character: There is no o in font nullfont!
Missing character: There is no - in font nullfont!
Missing character: There is no c in font nullfont!
Missing character: There is no o in font nullfont!
Missing character: There is no d in font nullfont!
Missing character: There is no e in font nullfont!
Missing character: There is no f in font nullfont!
Missing character: There is no o in font nullfont!
Missing character: There is no r in font nullfont!
Missing character: There is no a in font nullfont!
Missing character: There is no l in font nullfont!
Missing character: There is no g in font nullfont!
Missing character: There is no o in font nullfont!
Missing character: There is no r in font nullfont!
Missing character: There is no i in font nullfont!
Missing character: There is no t in font nullfont!
Missing character: There is no h in font nullfont!
Missing character: There is no m in font nullfont!
Missing character: There is no s in font nullfont!
Missing character: There is no . in font nullfont!
Missing character: There is no W in font nullfont!
Missing character: There is no e in font nullfont!
Missing character: There is no a in font nullfont!
Missing character: There is no s in font nullfont!
Missing character: There is no s in font nullfont!
Missing character: There is no u in font nullfont!
Missing character: There is no m in font nullfont!
Missing character: There is no e in font nullfont!
Missing character: There is no w in font nullfont!
Missing character: There is no e in font nullfont!
Missing character: There is no h in font nullfont!
Missing character: There is no a in font nullfont!
Missing character: There is no v in font nullfont!
Missing character: There is no e in font nullfont!
Missing character: There is no a in font nullfont!
Missing character: There is no c in font nullfont!
Missing character: There is no o in font nullfont!
Missing character: There is no n in font nullfont!
Missing character: There is no t in font nullfont!
Missing character: There is no e in font nullfont!
Missing character: There is no x in font nullfont!
Missing character: There is no t in font nullfont!
LaTeX Font Info:    External font `cmex10' loaded for size
(Font)              <7> on input line 3.
LaTeX Font Info:    External font `cmex10' loaded for size
(Font)              <5> on input line 3.
Missing character: There is no g in font nullfont!
Missing character: There is no e in font nullfont!
Missing character: There is no n in font nullfont!
Missing character: There is no e in font nullfont!
Missing character: There is no r in font nullfont!
Missing character: There is no a in font nullfont!
Missing character: There is no t in font nullfont!
Missing character: There is no i in font nullfont!
Missing character: There is no n in font nullfont!
Missing character: There is no g in font nullfont!
Missing character: There is no a in font nullfont!
Missing character: There is no c in font nullfont!
Missing character: There is no u in font nullfont!
Missing character: There is no b in font nullfont!
Missing character: There is no i in font nullfont!
Missing character: There is no c in font nullfont!
Missing character: There is no a in font nullfont!
Missing character: There is no l in font nullfont!
Missing character: There is no s in font nullfont!
Missing character: There is no e in font nullfont!
Missing character: There is no t in font nullfont!
Missing character: There is no a in font nullfont!
Missing character: There is no n in font nullfont!
Missing character: There is no d in font nullfont!
Missing character: There is no a in font nullfont!
Missing character: There is no g in font nullfont!
Missing character: There is no e in font nullfont!
Missing character: There is no n in font nullfont!
Missing character: There is no e in font nullfont!
Missing character: There is no r in font nullfont!
Missing character: There is no a in font nullfont!
Missing character: There is no t in font nullfont!
Missing character: There is no i in font nullfont!
Missing character: There is no n in font nullfont!
Missing character: There is no g in font nullfont!
Missing character: There is no c in font nullfont!
Missing character: There is no e in font nullfont!
Missing character: There is no l in font nullfont!
Missing character: There is no l in font nullfont!
Missing character: There is no w in font nullfont!
Missing character: There is no i in font nullfont!
Missing character: There is no t in font nullfont!
Missing character: There is no h in font nullfont!
Missing character: There is no i in font nullfont!
Missing character: There is no n in font nullfont!
Missing character: There is no t in font nullfont!
Missing character: There is no h in font nullfont!
Missing character: There is no e in font nullfont!
Missing character: There is no f in font nullfont!
Missing character: There is no o in font nullfont!
Missing character: There is no l in font nullfont!
Missing character: There is no l in font nullfont!
Missing character: There is no o in font nullfont!
Missing character: There is no w in font nullfont!
Missing character: There is no i in font nullfont!
Missing character: There is no n in font nullfont!
Missing character: There is no g in font nullfont!
Missing character: There is no . in font nullfont!

Overfull \hbox (20.0pt too wide) in paragraph at lines 3--6
[]
 []


Overfull \hbox (6.25002pt too wide) in paragraph at lines 3--6
\OT1/cmr/m/n/10 ^^@$
 []


Overfull \hbox (14.47565pt too wide) in paragraph at lines 3--6
\OML/cmm/m/it/10 p \OMS/cmsy/m/n/10 2
 []


Overfull \hbox (6.25002pt too wide) in paragraph at lines 3--6
\OT1/cmr/m/n/10 ^^@$
 []


Overfull \hbox (33.9201pt too wide) in paragraph at lines 3--6
[] \OML/cmm/m/it/10 p \OT1/cmr/m/n/10 =
 []


Overfull \hbox (6.00235pt too wide) in paragraph at lines 3--6
\OML/cmm/m/it/10 n$
 []


./algorithms.tex:140: LaTeX Error: Environment algorithm undefined.

See the LaTeX manual or LaTeX Companion for explanation.
Type  H <return>  for immediate help.
 ...                                              
                                                  
l.140 \begin{algorithm}
                       [H]
Your command was ignored.
Type  I <command> <return>  to replace it with another command,
or  <return>  to continue without it.


./algorithms.tex:140: LaTeX Error: Missing \begin{document}.

See the LaTeX manual or LaTeX Companion for explanation.
Type  H <return>  for immediate help.
 ...                                              
                                                  
l.140 \begin{algorithm}[
                        H]
You're in trouble here.  Try typing  <return>  to proceed.
If that doesn't work, type  X <return>  to quit.

Missing character: There is no [ in font nullfont!
Missing character: There is no H in font nullfont!
Missing character: There is no ] in font nullfont!

./algorithms.tex:141: LaTeX Error: \caption outside float.

See the LaTeX manual or LaTeX Companion for explanation.
Type  H <return>  for immediate help.
 ...                                              
                                                  
l.141   \caption
                {Update potential poset map}\label{alg:updateppm}
You're in trouble here.  Try typing  <return>  to proceed.
If that doesn't work, type  X <return>  to quit.

Missing character: There is no U in font nullfont!
Missing character: There is no p in font nullfont!
Missing character: There is no d in font nullfont!
Missing character: There is no a in font nullfont!
Missing character: There is no t in font nullfont!
Missing character: There is no e in font nullfont!
Missing character: There is no p in font nullfont!
Missing character: There is no o in font nullfont!
Missing character: There is no t in font nullfont!
Missing character: There is no e in font nullfont!
Missing character: There is no n in font nullfont!
Missing character: There is no t in font nullfont!
Missing character: There is no i in font nullfont!
Missing character: There is no a in font nullfont!
Missing character: There is no l in font nullfont!
Missing character: There is no p in font nullfont!
Missing character: There is no o in font nullfont!
Missing character: There is no s in font nullfont!
Missing character: There is no e in font nullfont!
Missing character: There is no t in font nullfont!
Missing character: There is no m in font nullfont!
Missing character: There is no a in font nullfont!
Missing character: There is no p in font nullfont!

./algorithms.tex:142: LaTeX Error: Environment algorithmic undefined.

See the LaTeX manual or LaTeX Companion for explanation.
Type  H <return>  for immediate help.
 ...                                              
                                                  
l.142   \begin{algorithmic}
                           
Your command was ignored.
Type  I <command> <return>  to replace it with another command,
or  <return>  to continue without it.

./algorithms.tex:143: Undefined control sequence.
l.143     \Require
                   $\Sigma : \pint{m} \to \pow{\pint{n}}$ ppm, $x \in
The control sequence at the end of the top line
of your error message was never \def'ed. If you have
misspelled it (e.g., `\hobx'), type `I' and the correct
spelling (e.g., `I\hbox'). Otherwise just continue,
and I'll forget about whatever was undefined.

./algorithms.tex:143: Undefined control sequence.
l.143     \Require $\Sigma : \pint
                                  {m} \to \pow{\pint{n}}$ ppm, $x \in
The control sequence at the end of the top line
of your error message was never \def'ed. If you have
misspelled it (e.g., `\hobx'), type `I' and the correct
spelling (e.g., `I\hbox'). Otherwise just continue,
and I'll forget about whatever was undefined.

./algorithms.tex:143: Undefined control sequence.
l.143     \Require $\Sigma : \pint{m} \to \pow
                                              {\pint{n}}$ ppm, $x \in
The control sequence at the end of the top line
of your error message was never \def'ed. If you have
misspelled it (e.g., `\hobx'), type `I' and the correct
spelling (e.g., `I\hbox'). Otherwise just continue,
and I'll forget about whatever was undefined.

./algorithms.tex:143: Undefined control sequence.
l.143 ...Require $\Sigma : \pint{m} \to \pow{\pint
                                                  {n}}$ ppm, $x \in
The control sequence at the end of the top line
of your error message was never \def'ed. If you have
misspelled it (e.g., `\hobx'), type `I' and the correct
spelling (e.g., `I\hbox'). Otherwise just continue,
and I'll forget about whatever was undefined.

Missing character: There is no p in font nullfont!
Missing character: There is no p in font nullfont!
Missing character: There is no m in font nullfont!
Missing character: There is no , in font nullfont!
./algorithms.tex:144: Undefined control sequence.
l.144     \pint
               {m}$, $vs \subseteq \Sigma(x)$ % $vs \in \pow{\pint{n}} - \em...
The control sequence at the end of the top line
of your error message was never \def'ed. If you have
misspelled it (e.g., `\hobx'), type `I' and the correct
spelling (e.g., `I\hbox'). Otherwise just continue,
and I'll forget about whatever was undefined.

Missing character: There is no , in font nullfont!
./algorithms.tex:145: Undefined control sequence.
l.145     \Ensure
                  Updated ppm $\Sigma' : \pint{m} \to \pint{n}$ with $\Sigma...
The control sequence at the end of the top line
of your error message was never \def'ed. If you have
misspelled it (e.g., `\hobx'), type `I' and the correct
spelling (e.g., `I\hbox'). Otherwise just continue,
and I'll forget about whatever was undefined.

Missing character: There is no U in font nullfont!
Missing character: There is no p in font nullfont!
Missing character: There is no d in font nullfont!
Missing character: There is no a in font nullfont!
Missing character: There is no t in font nullfont!
Missing character: There is no e in font nullfont!
Missing character: There is no d in font nullfont!
Missing character: There is no p in font nullfont!
Missing character: There is no p in font nullfont!
Missing character: There is no m in font nullfont!
./algorithms.tex:145: Undefined control sequence.
l.145     \Ensure Updated ppm $\Sigma' : \pint
                                              {m} \to \pint{n}$ with $\Sigma...
The control sequence at the end of the top line
of your error message was never \def'ed. If you have
misspelled it (e.g., `\hobx'), type `I' and the correct
spelling (e.g., `I\hbox'). Otherwise just continue,
and I'll forget about whatever was undefined.

./algorithms.tex:145: Undefined control sequence.
l.145 ...Updated ppm $\Sigma' : \pint{m} \to \pint
                                                  {n}$ with $\Sigma(x) = vs$.
The control sequence at the end of the top line
of your error message was never \def'ed. If you have
misspelled it (e.g., `\hobx'), type `I' and the correct
spelling (e.g., `I\hbox'). Otherwise just continue,
and I'll forget about whatever was undefined.

Missing character: There is no w in font nullfont!
Missing character: There is no i in font nullfont!
Missing character: There is no t in font nullfont!
Missing character: There is no h in font nullfont!
Missing character: There is no . in font nullfont!

Overfull \hbox (20.0pt too wide) in paragraph at lines 140--146
[]
 []


Overfull \hbox (12.77773pt too wide) in paragraph at lines 140--146
\OT1/cmr/m/n/10 ^^F :
 []


Overfull \hbox (21.55786pt too wide) in paragraph at lines 140--146
\OML/cmm/m/it/10 m \OMS/cmsy/m/n/10 !
 []


Overfull \hbox (6.00235pt too wide) in paragraph at lines 140--146
\OML/cmm/m/it/10 n$
 []


Overfull \hbox (15.15967pt too wide) in paragraph at lines 140--146
\OML/cmm/m/it/10 x \OMS/cmsy/m/n/10 2
 []


Overfull \hbox (8.78014pt too wide) in paragraph at lines 140--146
\OML/cmm/m/it/10 m$
 []


Overfull \hbox (20.44902pt too wide) in paragraph at lines 140--146
\OML/cmm/m/it/10 vs \OMS/cmsy/m/n/10 ^^R
 []


Overfull \hbox (20.7153pt too wide) in paragraph at lines 140--146
\OT1/cmr/m/n/10 ^^F(\OML/cmm/m/it/10 x\OT1/cmr/m/n/10 )$
 []


Overfull \hbox (15.58328pt too wide) in paragraph at lines 140--146
\OT1/cmr/m/n/10 ^^F[] :
 []


Overfull \hbox (21.55786pt too wide) in paragraph at lines 140--146
\OML/cmm/m/it/10 m \OMS/cmsy/m/n/10 !
 []


Overfull \hbox (6.00235pt too wide) in paragraph at lines 140--146
\OML/cmm/m/it/10 n$
 []


Overfull \hbox (31.27081pt too wide) in paragraph at lines 140--146
\OT1/cmr/m/n/10 ^^F(\OML/cmm/m/it/10 x\OT1/cmr/m/n/10 ) =
 []


Overfull \hbox (9.89351pt too wide) in paragraph at lines 140--146
\OML/cmm/m/it/10 vs$ 
 []

./algorithms.tex:147: Undefined control sequence.
l.147     \Procedure
                    {UpdatePPM}{$\Sigma, x,vs)$}
The control sequence at the end of the top line
of your error message was never \def'ed. If you have
misspelled it (e.g., `\hobx'), type `I' and the correct
spelling (e.g., `I\hbox'). Otherwise just continue,
and I'll forget about whatever was undefined.


./algorithms.tex:147: LaTeX Error: Missing \begin{document}.

See the LaTeX manual or LaTeX Companion for explanation.
Type  H <return>  for immediate help.
 ...                                              
                                                  
l.147     \Procedure{U
                      pdatePPM}{$\Sigma, x,vs)$}
You're in trouble here.  Try typing  <return>  to proceed.
If that doesn't work, type  X <return>  to quit.

Missing character: There is no U in font nullfont!
Missing character: There is no p in font nullfont!
Missing character: There is no d in font nullfont!
Missing character: There is no a in font nullfont!
Missing character: There is no t in font nullfont!
Missing character: There is no e in font nullfont!
Missing character: There is no P in font nullfont!
Missing character: There is no P in font nullfont!
Missing character: There is no M in font nullfont!
./algorithms.tex:148: Undefined control sequence.
l.148     \For
              {$y \gets \pint{m}$}
The control sequence at the end of the top line
of your error message was never \def'ed. If you have
misspelled it (e.g., `\hobx'), type `I' and the correct
spelling (e.g., `I\hbox'). Otherwise just continue,
and I'll forget about whatever was undefined.

./algorithms.tex:148: Undefined control sequence.
l.148     \For{$y \gets \pint
                             {m}$}
The control sequence at the end of the top line
of your error message was never \def'ed. If you have
misspelled it (e.g., `\hobx'), type `I' and the correct
spelling (e.g., `I\hbox'). Otherwise just continue,
and I'll forget about whatever was undefined.

./algorithms.tex:149: Undefined control sequence.
l.149     \If
             {$x = y$}
The control sequence at the end of the top line
of your error message was never \def'ed. If you have
misspelled it (e.g., `\hobx'), type `I' and the correct
spelling (e.g., `I\hbox'). Otherwise just continue,
and I'll forget about whatever was undefined.

./algorithms.tex:150: Undefined control sequence.
l.150     \State
                 $\Sigma'(x) \gets vs$
The control sequence at the end of the top line
of your error message was never \def'ed. If you have
misspelled it (e.g., `\hobx'), type `I' and the correct
spelling (e.g., `I\hbox'). Otherwise just continue,
and I'll forget about whatever was undefined.

./algorithms.tex:151: Undefined control sequence.
l.151     \ElsIf
                {$y \leq x$}
The control sequence at the end of the top line
of your error message was never \def'ed. If you have
misspelled it (e.g., `\hobx'), type `I' and the correct
spelling (e.g., `I\hbox'). Otherwise just continue,
and I'll forget about whatever was undefined.

./algorithms.tex:152: Undefined control sequence.
l.152     \State
                 $\Sigma'(y) \gets \{ u \mid u \in \Sigma(y) \text{ such tha...
The control sequence at the end of the top line
of your error message was never \def'ed. If you have
misspelled it (e.g., `\hobx'), type `I' and the correct
spelling (e.g., `I\hbox'). Otherwise just continue,
and I'll forget about whatever was undefined.

./algorithms.tex:152: Undefined control sequence.
l.152 ...(y) \gets \{ u \mid u \in \Sigma(y) \text
                                                  { such that } \exists
The control sequence at the end of the top line
of your error message was never \def'ed. If you have
misspelled it (e.g., `\hobx'), type `I' and the correct
spelling (e.g., `I\hbox'). Otherwise just continue,
and I'll forget about whatever was undefined.

./algorithms.tex:154: Undefined control sequence.
l.154     \ElsIf
                {$x \leq y$}
The control sequence at the end of the top line
of your error message was never \def'ed. If you have
misspelled it (e.g., `\hobx'), type `I' and the correct
spelling (e.g., `I\hbox'). Otherwise just continue,
and I'll forget about whatever was undefined.

./algorithms.tex:155: Undefined control sequence.
l.155     \State
                 $\Sigma'(y) \gets \{ u \mid u \in \Sigma(y) \text{ such tha...
The control sequence at the end of the top line
of your error message was never \def'ed. If you have
misspelled it (e.g., `\hobx'), type `I' and the correct
spelling (e.g., `I\hbox'). Otherwise just continue,
and I'll forget about whatever was undefined.

./algorithms.tex:155: Undefined control sequence.
l.155 ...(y) \gets \{ u \mid u \in \Sigma(y) \text
                                                  { such that } \exists
The control sequence at the end of the top line
of your error message was never \def'ed. If you have
misspelled it (e.g., `\hobx'), type `I' and the correct
spelling (e.g., `I\hbox'). Otherwise just continue,
and I'll forget about whatever was undefined.

./algorithms.tex:157: Undefined control sequence.
l.157     \EndIf
                
The control sequence at the end of the top line
of your error message was never \def'ed. If you have
misspelled it (e.g., `\hobx'), type `I' and the correct
spelling (e.g., `I\hbox'). Otherwise just continue,
and I'll forget about whatever was undefined.

./algorithms.tex:158: Undefined control sequence.
l.158     \EndFor
                 
The control sequence at the end of the top line
of your error message was never \def'ed. If you have
misspelled it (e.g., `\hobx'), type `I' and the correct
spelling (e.g., `I\hbox'). Otherwise just continue,
and I'll forget about whatever was undefined.

./algorithms.tex:159: Undefined control sequence.
l.159     \State
                 \Return{$\Sigma'$}
The control sequence at the end of the top line
of your error message was never \def'ed. If you have
misspelled it (e.g., `\hobx'), type `I' and the correct
spelling (e.g., `I\hbox'). Otherwise just continue,
and I'll forget about whatever was undefined.

./algorithms.tex:159: Undefined control sequence.
l.159     \State \Return
                        {$\Sigma'$}
The control sequence at the end of the top line
of your error message was never \def'ed. If you have
misspelled it (e.g., `\hobx'), type `I' and the correct
spelling (e.g., `I\hbox'). Otherwise just continue,
and I'll forget about whatever was undefined.

./algorithms.tex:160: Undefined control sequence.
l.160     \EndProcedure
                       
The control sequence at the end of the top line
of your error message was never \def'ed. If you have
misspelled it (e.g., `\hobx'), type `I' and the correct
spelling (e.g., `I\hbox'). Otherwise just continue,
and I'll forget about whatever was undefined.


./algorithms.tex:161: LaTeX Error: \begin{document} ended by \end{algorithmic}.


See the LaTeX manual or LaTeX Companion for explanation.
Type  H <return>  for immediate help.
 ...                                              
                                                  
l.161   \end{algorithmic}
                         
Your command was ignored.
Type  I <command> <return>  to replace it with another command,
or  <return>  to continue without it.


./algorithms.tex:162: LaTeX Error: \begin{document} ended by \end{algorithm}.

See the LaTeX manual or LaTeX Companion for explanation.
Type  H <return>  for immediate help.
 ...                                              
                                                  
l.162 \end{algorithm}
                     
Your command was ignored.
Type  I <command> <return>  to replace it with another command,
or  <return>  to continue without it.


Overfull \hbox (55.60873pt too wide) in paragraph at lines 147--163
[]$\OT1/cmr/m/n/10 ^^F\OML/cmm/m/it/10 ; x; vs\OT1/cmr/m/n/10 )$
 []


Overfull \hbox (18.03932pt too wide) in paragraph at lines 147--163
\OML/cmm/m/it/10 y \OMS/cmsy/m/n/10  
 []


Overfull \hbox (8.78014pt too wide) in paragraph at lines 147--163
\OML/cmm/m/it/10 m$
 []


Overfull \hbox (16.27078pt too wide) in paragraph at lines 147--163
\OML/cmm/m/it/10 x \OT1/cmr/m/n/10 =
 []


Overfull \hbox (5.2616pt too wide) in paragraph at lines 147--163
\OML/cmm/m/it/10 y$
 []


Overfull \hbox (36.29858pt too wide) in paragraph at lines 147--163
\OT1/cmr/m/n/10 ^^F[](\OML/cmm/m/it/10 x\OT1/cmr/m/n/10 ) \OMS/cmsy/m/n/10  
 []


Overfull \hbox (9.89351pt too wide) in paragraph at lines 147--163
\OML/cmm/m/it/10 vs$
 []


Overfull \hbox (15.81711pt too wide) in paragraph at lines 147--163
\OML/cmm/m/it/10 y \OMS/cmsy/m/n/10 ^^T
 []


Overfull \hbox (5.71527pt too wide) in paragraph at lines 147--163
\OML/cmm/m/it/10 x$
 []


Overfull \hbox (35.84491pt too wide) in paragraph at lines 147--163
\OT1/cmr/m/n/10 ^^F[](\OML/cmm/m/it/10 y\OT1/cmr/m/n/10 ) \OMS/cmsy/m/n/10  
 []


Overfull \hbox (16.28009pt too wide) in paragraph at lines 147--163
\OMS/cmsy/m/n/10 f\OML/cmm/m/it/10 u \OMS/cmsy/m/n/10 j
 []


Overfull \hbox (15.16898pt too wide) in paragraph at lines 147--163
\OML/cmm/m/it/10 u \OMS/cmsy/m/n/10 2
 []


Overfull \hbox (79.23853pt too wide) in paragraph at lines 147--163
\OT1/cmr/m/n/10 ^^F(\OML/cmm/m/it/10 y\OT1/cmr/m/n/10 )[]\OMS/cmsy/m/n/10 9\OML
/cmm/m/it/10 v \OMS/cmsy/m/n/10 2
 []


Overfull \hbox (15.449pt too wide) in paragraph at lines 147--163
\OML/cmm/m/it/10 vs \OT1/cmr/m/n/10 :
 []


Overfull \hbox (16.28009pt too wide) in paragraph at lines 147--163
\OML/cmm/m/it/10 u \OMS/cmsy/m/n/10 ^^T
 []


Overfull \hbox (10.20602pt too wide) in paragraph at lines 147--163
\OML/cmm/m/it/10 v\OMS/cmsy/m/n/10 g$
 []


Overfull \hbox (16.27078pt too wide) in paragraph at lines 147--163
\OML/cmm/m/it/10 x \OMS/cmsy/m/n/10 ^^T
 []


Overfull \hbox (5.2616pt too wide) in paragraph at lines 147--163
\OML/cmm/m/it/10 y$
 []


Overfull \hbox (35.84491pt too wide) in paragraph at lines 147--163
\OT1/cmr/m/n/10 ^^F[](\OML/cmm/m/it/10 y\OT1/cmr/m/n/10 ) \OMS/cmsy/m/n/10  
 []


Overfull \hbox (16.28009pt too wide) in paragraph at lines 147--163
\OMS/cmsy/m/n/10 f\OML/cmm/m/it/10 u \OMS/cmsy/m/n/10 j
 []


Overfull \hbox (15.16898pt too wide) in paragraph at lines 147--163
\OML/cmm/m/it/10 u \OMS/cmsy/m/n/10 2
 []


Overfull \hbox (79.23853pt too wide) in paragraph at lines 147--163
\OT1/cmr/m/n/10 ^^F(\OML/cmm/m/it/10 y\OT1/cmr/m/n/10 )[]\OMS/cmsy/m/n/10 9\OML
/cmm/m/it/10 v \OMS/cmsy/m/n/10 2
 []


Overfull \hbox (15.449pt too wide) in paragraph at lines 147--163
\OML/cmm/m/it/10 vs \OT1/cmr/m/n/10 :
 []


Overfull \hbox (15.76152pt too wide) in paragraph at lines 147--163
\OML/cmm/m/it/10 v \OMS/cmsy/m/n/10 ^^T
 []


Overfull \hbox (10.7246pt too wide) in paragraph at lines 147--163
\OML/cmm/m/it/10 u\OMS/cmsy/m/n/10 g$
 []


Overfull \hbox (10.02779pt too wide) in paragraph at lines 147--163
\OT1/cmr/m/n/10 ^^F[]$
 []


./algorithms.tex:164: LaTeX Error: Missing \begin{document}.

See the LaTeX manual or LaTeX Companion for explanation.
Type  H <return>  for immediate help.
 ...                                              
                                                  
l.164 $
       \mathcal{O}(2^m 2^n)$
You're in trouble here.  Try typing  <return>  to proceed.
If that doesn't work, type  X <return>  to quit.


Overfull \hbox (59.0562pt too wide) in paragraph at lines 164--165
[]$\OMS/cmsy/m/n/10 O\OT1/cmr/m/n/10 (2[]2[])$ 
 []


./algorithms.tex:167: LaTeX Error: Environment algorithm undefined.

See the LaTeX manual or LaTeX Companion for explanation.
Type  H <return>  for immediate help.
 ...                                              
                                                  
l.167 \begin{algorithm}
                       [H]
Your command was ignored.
Type  I <command> <return>  to replace it with another command,
or  <return>  to continue without it.


./algorithms.tex:167: LaTeX Error: Missing \begin{document}.

See the LaTeX manual or LaTeX Companion for explanation.
Type  H <return>  for immediate help.
 ...                                              
                                                  
l.167 \begin{algorithm}[
                        H]
You're in trouble here.  Try typing  <return>  to proceed.
If that doesn't work, type  X <return>  to quit.

Missing character: There is no [ in font nullfont!
Missing character: There is no H in font nullfont!
Missing character: There is no ] in font nullfont!

./algorithms.tex:168: LaTeX Error: \caption outside float.

See the LaTeX manual or LaTeX Companion for explanation.
Type  H <return>  for immediate help.
 ...                                              
                                                  
l.168   \caption
                {Potential substitution to substitutions}\label{alg:getsubsts}
You're in trouble here.  Try typing  <return>  to proceed.
If that doesn't work, type  X <return>  to quit.

Missing character: There is no P in font nullfont!
Missing character: There is no o in font nullfont!
Missing character: There is no t in font nullfont!
Missing character: There is no e in font nullfont!
Missing character: There is no n in font nullfont!
Missing character: There is no t in font nullfont!
Missing character: There is no i in font nullfont!
Missing character: There is no a in font nullfont!
Missing character: There is no l in font nullfont!
Missing character: There is no s in font nullfont!
Missing character: There is no u in font nullfont!
Missing character: There is no b in font nullfont!
Missing character: There is no s in font nullfont!
Missing character: There is no t in font nullfont!
Missing character: There is no i in font nullfont!
Missing character: There is no t in font nullfont!
Missing character: There is no u in font nullfont!
Missing character: There is no t in font nullfont!
Missing character: There is no i in font nullfont!
Missing character: There is no o in font nullfont!
Missing character: There is no n in font nullfont!
Missing character: There is no t in font nullfont!
Missing character: There is no o in font nullfont!
Missing character: There is no s in font nullfont!
Missing character: There is no u in font nullfont!
Missing character: There is no b in font nullfont!
Missing character: There is no s in font nullfont!
Missing character: There is no t in font nullfont!
Missing character: There is no i in font nullfont!
Missing character: There is no t in font nullfont!
Missing character: There is no u in font nullfont!
Missing character: There is no t in font nullfont!
Missing character: There is no i in font nullfont!
Missing character: There is no o in font nullfont!
Missing character: There is no n in font nullfont!
Missing character: There is no s in font nullfont!

./algorithms.tex:169: LaTeX Error: Environment algorithmic undefined.

See the LaTeX manual or LaTeX Companion for explanation.
Type  H <return>  for immediate help.
 ...                                              
                                                  
l.169   \begin{algorithmic}
                           
Your command was ignored.
Type  I <command> <return>  to replace it with another command,
or  <return>  to continue without it.

./algorithms.tex:170: Undefined control sequence.
l.170     \Require
                   $\Sigma : \pint{m} \to \pow{\pint{n}}$ potential poset map
The control sequence at the end of the top line
of your error message was never \def'ed. If you have
misspelled it (e.g., `\hobx'), type `I' and the correct
spelling (e.g., `I\hbox'). Otherwise just continue,
and I'll forget about whatever was undefined.

./algorithms.tex:170: Undefined control sequence.
l.170     \Require $\Sigma : \pint
                                  {m} \to \pow{\pint{n}}$ potential poset map
The control sequence at the end of the top line
of your error message was never \def'ed. If you have
misspelled it (e.g., `\hobx'), type `I' and the correct
spelling (e.g., `I\hbox'). Otherwise just continue,
and I'll forget about whatever was undefined.

./algorithms.tex:170: Undefined control sequence.
l.170     \Require $\Sigma : \pint{m} \to \pow
                                              {\pint{n}}$ potential poset map
The control sequence at the end of the top line
of your error message was never \def'ed. If you have
misspelled it (e.g., `\hobx'), type `I' and the correct
spelling (e.g., `I\hbox'). Otherwise just continue,
and I'll forget about whatever was undefined.

./algorithms.tex:170: Undefined control sequence.
l.170 ...Require $\Sigma : \pint{m} \to \pow{\pint
                                                  {n}}$ potential poset map
The control sequence at the end of the top line
of your error message was never \def'ed. If you have
misspelled it (e.g., `\hobx'), type `I' and the correct
spelling (e.g., `I\hbox'). Otherwise just continue,
and I'll forget about whatever was undefined.

Missing character: There is no p in font nullfont!
Missing character: There is no o in font nullfont!
Missing character: There is no t in font nullfont!
Missing character: There is no e in font nullfont!
Missing character: There is no n in font nullfont!
Missing character: There is no t in font nullfont!
Missing character: There is no i in font nullfont!
Missing character: There is no a in font nullfont!
Missing character: There is no l in font nullfont!
Missing character: There is no p in font nullfont!
Missing character: There is no o in font nullfont!
Missing character: There is no s in font nullfont!
Missing character: There is no e in font nullfont!
Missing character: There is no t in font nullfont!
Missing character: There is no m in font nullfont!
Missing character: There is no a in font nullfont!
Missing character: There is no p in font nullfont!
./algorithms.tex:171: Undefined control sequence.
l.171     \Ensure
                  $\{ \sigma : \pint{m} \to \pint{n} \}$ poset maps
The control sequence at the end of the top line
of your error message was never \def'ed. If you have
misspelled it (e.g., `\hobx'), type `I' and the correct
spelling (e.g., `I\hbox'). Otherwise just continue,
and I'll forget about whatever was undefined.

./algorithms.tex:171: Undefined control sequence.
l.171     \Ensure $\{ \sigma : \pint
                                    {m} \to \pint{n} \}$ poset maps
The control sequence at the end of the top line
of your error message was never \def'ed. If you have
misspelled it (e.g., `\hobx'), type `I' and the correct
spelling (e.g., `I\hbox'). Otherwise just continue,
and I'll forget about whatever was undefined.

./algorithms.tex:171: Undefined control sequence.
l.171     \Ensure $\{ \sigma : \pint{m} \to \pint
                                                 {n} \}$ poset maps
The control sequence at the end of the top line
of your error message was never \def'ed. If you have
misspelled it (e.g., `\hobx'), type `I' and the correct
spelling (e.g., `I\hbox'). Otherwise just continue,
and I'll forget about whatever was undefined.

Missing character: There is no p in font nullfont!
Missing character: There is no o in font nullfont!
Missing character: There is no s in font nullfont!
Missing character: There is no e in font nullfont!
Missing character: There is no t in font nullfont!
Missing character: There is no m in font nullfont!
Missing character: There is no a in font nullfont!
Missing character: There is no p in font nullfont!
Missing character: There is no s in font nullfont!

Overfull \hbox (20.0pt too wide) in paragraph at lines 167--172
[]
 []


Overfull \hbox (12.77773pt too wide) in paragraph at lines 167--172
\OT1/cmr/m/n/10 ^^F :
 []


Overfull \hbox (21.55786pt too wide) in paragraph at lines 167--172
\OML/cmm/m/it/10 m \OMS/cmsy/m/n/10 !
 []


Overfull \hbox (6.00235pt too wide) in paragraph at lines 167--172
\OML/cmm/m/it/10 n$
 []


Overfull \hbox (16.62842pt too wide) in paragraph at lines 167--172
\OMS/cmsy/m/n/10 f\OML/cmm/m/it/10 ^^[ \OT1/cmr/m/n/10 :
 []


Overfull \hbox (21.55786pt too wide) in paragraph at lines 167--172
\OML/cmm/m/it/10 m \OMS/cmsy/m/n/10 !
 []


Overfull \hbox (11.00237pt too wide) in paragraph at lines 167--172
\OML/cmm/m/it/10 n\OMS/cmsy/m/n/10 g$
 []

./algorithms.tex:173: Undefined control sequence.
l.173     \Procedure
                    {UnfoldPPM}{$\Sigma$}
The control sequence at the end of the top line
of your error message was never \def'ed. If you have
misspelled it (e.g., `\hobx'), type `I' and the correct
spelling (e.g., `I\hbox'). Otherwise just continue,
and I'll forget about whatever was undefined.


./algorithms.tex:173: LaTeX Error: Missing \begin{document}.

See the LaTeX manual or LaTeX Companion for explanation.
Type  H <return>  for immediate help.
 ...                                              
                                                  
l.173     \Procedure{U
                      nfoldPPM}{$\Sigma$}
You're in trouble here.  Try typing  <return>  to proceed.
If that doesn't work, type  X <return>  to quit.

Missing character: There is no U in font nullfont!
Missing character: There is no n in font nullfont!
Missing character: There is no f in font nullfont!
Missing character: There is no o in font nullfont!
Missing character: There is no l in font nullfont!
Missing character: There is no d in font nullfont!
Missing character: There is no P in font nullfont!
Missing character: There is no P in font nullfont!
Missing character: There is no M in font nullfont!
./algorithms.tex:174: Undefined control sequence.
l.174     \State
                 $\{ x \mapsto v, \Call{UnfoldPPM}{\Call{UpdatePPM}{\Sigma,x...
The control sequence at the end of the top line
of your error message was never \def'ed. If you have
misspelled it (e.g., `\hobx'), type `I' and the correct
spelling (e.g., `I\hbox'). Otherwise just continue,
and I'll forget about whatever was undefined.

./algorithms.tex:174: Undefined control sequence.
l.174     \State $\{ x \mapsto v, \Call
                                       {UnfoldPPM}{\Call{UpdatePPM}{\Sigma,x...
The control sequence at the end of the top line
of your error message was never \def'ed. If you have
misspelled it (e.g., `\hobx'), type `I' and the correct
spelling (e.g., `I\hbox'). Otherwise just continue,
and I'll forget about whatever was undefined.

./algorithms.tex:174: Undefined control sequence.
l.174 ...e $\{ x \mapsto v, \Call{UnfoldPPM}{\Call
                                                  {UpdatePPM}{\Sigma,x,v} - ...
The control sequence at the end of the top line
of your error message was never \def'ed. If you have
misspelled it (e.g., `\hobx'), type `I' and the correct
spelling (e.g., `I\hbox'). Otherwise just continue,
and I'll forget about whatever was undefined.

./algorithms.tex:175: Undefined control sequence.
l.175     \EndProcedure
                       
The control sequence at the end of the top line
of your error message was never \def'ed. If you have
misspelled it (e.g., `\hobx'), type `I' and the correct
spelling (e.g., `I\hbox'). Otherwise just continue,
and I'll forget about whatever was undefined.


./algorithms.tex:176: LaTeX Error: \begin{document} ended by \end{algorithmic}.


See the LaTeX manual or LaTeX Companion for explanation.
Type  H <return>  for immediate help.
 ...                                              
                                                  
l.176   \end{algorithmic}
                         
Your command was ignored.
Type  I <command> <return>  to replace it with another command,
or  <return>  to continue without it.


./algorithms.tex:177: LaTeX Error: \begin{document} ended by \end{algorithm}.

See the LaTeX manual or LaTeX Companion for explanation.
Type  H <return>  for immediate help.
 ...                                              
                                                  
l.177 \end{algorithm}
                     
Your command was ignored.
Type  I <command> <return>  to replace it with another command,
or  <return>  to continue without it.


Overfull \hbox (27.22223pt too wide) in paragraph at lines 173--178
[]$\OT1/cmr/m/n/10 ^^F$
 []


Overfull \hbox (23.49301pt too wide) in paragraph at lines 173--178
\OMS/cmsy/m/n/10 f\OML/cmm/m/it/10 x \OMS/cmsy/m/n/10 7!
 []


Overfull \hbox (177.82784pt too wide) in paragraph at lines 173--178
\OML/cmm/m/it/10 v; [][] \OMS/cmsy/m/n/10 j
 []


Overfull \hbox (14.6504pt too wide) in paragraph at lines 173--178
\OML/cmm/m/it/10 v \OMS/cmsy/m/n/10 2
 []


Overfull \hbox (25.71532pt too wide) in paragraph at lines 173--178
\OT1/cmr/m/n/10 ^^F(\OML/cmm/m/it/10 x\OT1/cmr/m/n/10 )\OMS/cmsy/m/n/10 g$
 []


./algorithms.tex:186: LaTeX Error: Missing \begin{document}.

See the LaTeX manual or LaTeX Companion for explanation.
Type  H <return>  for immediate help.
 ...                                              
                                                  
l.186 $
       \mathcal{O}(D_m^n)$
You're in trouble here.  Try typing  <return>  to proceed.
If that doesn't work, type  X <return>  to quit.


Overfull \hbox (51.892pt too wide) in paragraph at lines 186--187
[]$\OMS/cmsy/m/n/10 O\OT1/cmr/m/n/10 (\OML/cmm/m/it/10 D[]\OT1/cmr/m/n/10 )$ 
 []

)
! Emergency stop.
<*> algorithms.tex
                  
*** (job aborted, no legal \end found)

 
Here is how much of TeX's memory you used:
 20 strings out of 479719
 449 string characters out of 5880574
 287622 words of memory out of 5000000
 18119 multiletter control sequences out of 15000+600000
 469259 words of font info for 28 fonts, out of 8000000 for 9000
 319 hyphenation exceptions out of 8191
 18i,3n,12p,131b,56s stack positions out of 10000i,1000n,20000p,200000b,200000s
!  ==> Fatal error occurred, no output PDF file produced!
