\BOOKMARK [1][-]{section.1}{Cubical Sets and Contortions}{}% 1
\BOOKMARK [2][-]{subsection.1.1}{Cubical sets}{section.1}% 2
\BOOKMARK [2][-]{subsection.1.2}{Higher inductive types}{section.1}% 3
\BOOKMARK [2][-]{subsection.1.3}{Normal forms of contortions}{section.1}% 4
\BOOKMARK [1][-]{section.2}{Searching for Contortions}{}% 5
\BOOKMARK [2][-]{subsection.2.1}{The problem CubicalCell}{section.2}% 6
\BOOKMARK [2][-]{subsection.2.2}{Potential poset maps}{section.2}% 7
\BOOKMARK [2][-]{subsection.2.3}{Contortion solver}{section.2}% 8
\BOOKMARK [1][-]{section.3}{Composition solver}{}% 9
\BOOKMARK [2][-]{subsection.3.1}{Kan cubical sets}{section.3}% 10
\BOOKMARK [2][-]{subsection.3.2}{Undecidability of finding Kan compositions}{section.3}% 11
\BOOKMARK [2][-]{subsection.3.3}{A semi-deciability procedure for 1-dimensional cubes}{section.3}% 12
\BOOKMARK [2][-]{subsection.3.4}{Decidability of finitely generated groups}{section.3}% 13
\BOOKMARK [1][-]{section.4}{A Tactic for Cubical Agda}{}% 14
\BOOKMARK [2][-]{subsection.4.1}{Translating to Cubical Agda}{section.4}% 15
\BOOKMARK [2][-]{subsection.4.2}{Translating to PathP types}{section.4}% 16
\BOOKMARK [2][-]{subsection.4.3}{Searching for involutions}{section.4}% 17
\BOOKMARK [2][-]{subsection.4.4}{Using the tactic}{section.4}% 18
\BOOKMARK [1][-]{section.5}{Conclusions}{}% 19
\BOOKMARK [1][-]{appendix.A}{Algorithms}{}% 20
